<?xml version="1.0" encoding="UTF-8"?>
<!-- Generated by org.testng.reporters.JUnitReportReporter -->
<testsuite hostname="P5-GL12T72" name="example.org.seleniumtraining.BookTicket" tests="1" failures="0" timestamp="25 Jun 2018 10:51:02 GMT" time="9.641" errors="0">
  <testcase name="f" time="9.641" classname="example.org.seleniumtraining.BookTicket"/>
</testsuite> <!-- example.org.seleniumtraining.BookTicket -->
